0 info it worked if it ends with ok
1 verbose cli [ '/usr/bin/node',
1 verbose cli   '/usr/bin/npm',
1 verbose cli   'uninstall',
1 verbose cli   'express.io',
1 verbose cli   '--save' ]
2 info using npm@1.4.28
3 info using node@v0.10.40
4 verbose node symlink /usr/bin/node
5 verbose node_modules/express.io unbuild
6 info preuninstall express.io@1.1.13
7 info uninstall express.io@1.1.13
8 verbose true,/home/jonathan/Aloneinthelab/Heroku/webTest/node_modules,/home/jonathan/Aloneinthelab/Heroku/webTest/node_modules unbuild express.io@1.1.13
9 info postuninstall express.io@1.1.13
10 error Error: EACCES, unlink '/home/jonathan/Aloneinthelab/Heroku/webTest/node_modules/express.io/node_modules/.bin/cake'
10 error  { [Error: EACCES, unlink '/home/jonathan/Aloneinthelab/Heroku/webTest/node_modules/express.io/node_modules/.bin/cake']
10 error   errno: 3,
10 error   code: 'EACCES',
10 error   path: '/home/jonathan/Aloneinthelab/Heroku/webTest/node_modules/express.io/node_modules/.bin/cake' }
11 error Please try running this command again as root/Administrator.
12 error System Linux 3.2.0-76-generic-pae
13 error command "/usr/bin/node" "/usr/bin/npm" "uninstall" "express.io" "--save"
14 error cwd /home/jonathan/Aloneinthelab/Heroku/webTest
15 error node -v v0.10.40
16 error npm -v 1.4.28
17 error path /home/jonathan/Aloneinthelab/Heroku/webTest/node_modules/express.io/node_modules/.bin/cake
18 error code EACCES
19 error errno 3
20 error stack Error: EACCES, unlink '/home/jonathan/Aloneinthelab/Heroku/webTest/node_modules/express.io/node_modules/.bin/cake'
21 verbose exit [ 3, true ]
